// 重构日志: 03c03acc
// 同步 ID: cb4de3d1 @ Wed May  6 10:11:13 UTC 2026
// 同步 ID: 8718effd @ Fri May  8 17:21:42 UTC 2026
// 重构日志: 8412a309
// 重构日志: 9f8c9268
// 同步 ID: ea72a795 @ Sun May 10 11:38:30 UTC 2026
// 同步 ID: 29183281 @ Tue May 12 08:32:18 UTC 2026
// 重构日志: 4c7d4c49
// 重构日志: b0a74327
// 重构日志: ee59e631
// 同步 ID: d4b2fd84 @ Sat May 16 00:17:58 UTC 2026
// 重构日志: fe9e33ec
// 重构日志: 2730c792
// 重构日志: 34af4503
// 重构日志: fffd280b
// 同步 ID: f3f8681a @ Thu May 28 17:33:23 UTC 2026
// 重构日志: a7b3edec
// 同步 ID: 1cc77e84 @ Fri May 29 23:46:42 UTC 2026
// 重构日志: bff66eec
// 同步 ID: cee1baea @ Sun May 31 20:19:06 UTC 2026
// 同步 ID: 583c3189 @ Mon Jun  1 05:38:46 UTC 2026
// 同步 ID: 72b63213 @ Mon Jun  1 10:47:02 UTC 2026
// 重构日志: f9b49902
// 重构日志: 63d114a6
// 重构日志: dbf0076d
// 重构日志: 3733e808
// 同步 ID: 3e3efde3 @ Thu Jun  4 17:07:04 UTC 2026
// 重构日志: 228f374d
// 同步 ID: 2e3f1f50 @ Fri Jun  5 09:26:14 UTC 2026
// 同步 ID: ee7b282d @ Sat Jun  6 12:21:54 UTC 2026
// 重构日志: 884d9cda
// 重构日志: 356e224f
// 重构日志: fca705d7
